This is pdfTeX, Version 3.14159265-2.6-1.40.16 (MiKTeX 2.9) (preloaded format=pdflatex 2015.9.30)  27 OCT 2015 15:10
entering extended mode
**ZopSRS.tex
(ZopSRS.tex
LaTeX2e <2015/01/01> patch level 2
Babel <3.9m> and hyphenation patterns for 69 languages loaded.
("C:\Program Files (x86)\MiKTeX 2.9\tex\latex\base\article.cls"
Document Class: article 2014/09/29 v1.4h Standard LaTeX document class
("C:\Program Files (x86)\MiKTeX 2.9\tex\latex\base\size12.clo"
File: size12.clo 2014/09/29 v1.4h Standard LaTeX file (size option)
)
\c@part=\count79
\c@section=\count80
\c@subsection=\count81
\c@subsubsection=\count82
\c@paragraph=\count83
\c@subparagraph=\count84
\c@figure=\count85
\c@table=\count86
\abovecaptionskip=\skip41
\belowcaptionskip=\skip42
\bibindent=\dimen102
)
("C:\Program Files (x86)\MiKTeX 2.9\tex\latex\tools\array.sty"
Package: array 2014/10/28 v2.4c Tabular extension package (FMi)
\col@sep=\dimen103
\extrarowheight=\dimen104
\NC@list=\toks14
\extratabsurround=\skip43
\backup@length=\skip44
)
No file ZopSRS.aux.
LaTeX Font Info:    Checking defaults for OML/cmm/m/it on input line 4.
LaTeX Font Info:    ... okay on input line 4.
LaTeX Font Info:    Checking defaults for T1/cmr/m/n on input line 4.
LaTeX Font Info:    ... okay on input line 4.
LaTeX Font Info:    Checking defaults for OT1/cmr/m/n on input line 4.
LaTeX Font Info:    ... okay on input line 4.
LaTeX Font Info:    Checking defaults for OMS/cmsy/m/n on input line 4.
LaTeX Font Info:    ... okay on input line 4.
LaTeX Font Info:    Checking defaults for OMX/cmex/m/n on input line 4.
LaTeX Font Info:    ... okay on input line 4.
LaTeX Font Info:    Checking defaults for U/cmr/m/n on input line 4.
LaTeX Font Info:    ... okay on input line 4.
LaTeX Font Info:    External font `cmex10' loaded for size
(Font)              <14.4> on input line 8.
LaTeX Font Info:    External font `cmex10' loaded for size
(Font)              <7> on input line 8.
[1

{C:/Users/Cole/AppData/Local/MiKTeX/2.9/pdftex/config/pdftex.map}]
Underfull \hbox (badness 10000) in paragraph at lines 12--48

 []


Underfull \hbox (badness 10000) in paragraph at lines 12--48

 []


Underfull \hbox (badness 10000) in paragraph at lines 12--48

 []

[2]
LaTeX Font Info:    External font `cmex10' loaded for size
(Font)              <12> on input line 49.
LaTeX Font Info:    External font `cmex10' loaded for size
(Font)              <8> on input line 49.
LaTeX Font Info:    External font `cmex10' loaded for size
(Font)              <6> on input line 49.

Overfull \hbox (1.43301pt too wide) in paragraph at lines 49--61
 [] 
 []

[3]
Underfull \hbox (badness 10000) in paragraph at lines 69--83

 []


Underfull \hbox (badness 10000) in paragraph at lines 69--83

 []


Underfull \hbox (badness 10000) in paragraph at lines 69--83

 []


Underfull \hbox (badness 10000) in paragraph at lines 69--83

 []


Underfull \hbox (badness 10000) in paragraph at lines 69--83

 []


Underfull \hbox (badness 10000) in paragraph at lines 69--83

 []


Underfull \hbox (badness 10000) in paragraph at lines 69--83

 []

[4]
Underfull \hbox (badness 10000) in paragraph at lines 84--87

 []


Underfull \hbox (badness 10000) in paragraph at lines 90--91

 []


Underfull \hbox (badness 10000) in paragraph at lines 90--91

 []

Missing character: There is no ‚ in font cmr12!
Missing character: There is no Ä in font cmr12!
Missing character: There is no ô in font cmr12!
Missing character: There is no ‚ in font cmr12!
Missing character: There is no Ä in font cmr12!
Missing character: There is no ô in font cmr12!

Underfull \hbox (badness 10000) in paragraph at lines 95--116

 []


Underfull \hbox (badness 10000) in paragraph at lines 95--116

 []


Underfull \hbox (badness 10000) in paragraph at lines 95--116

 []


Underfull \hbox (badness 10000) in paragraph at lines 95--116

 []


Underfull \hbox (badness 10000) in paragraph at lines 95--116

 []


Underfull \hbox (badness 10000) in paragraph at lines 95--116

 []


Underfull \hbox (badness 10000) in paragraph at lines 95--116

 []


Underfull \hbox (badness 10000) in paragraph at lines 95--116

 []


Underfull \hbox (badness 10000) in paragraph at lines 95--116

 []


Underfull \hbox (badness 10000) in paragraph at lines 95--116

 []


Underfull \hbox (badness 10000) in paragraph at lines 95--116

 []


Underfull \hbox (badness 10000) in paragraph at lines 95--116

 []


Underfull \hbox (badness 10000) in paragraph at lines 95--116

 []

[5] [6]
LaTeX Font Info:    Try loading font information for OMS+cmr on input line 127.

 ("C:\Program Files (x86)\MiKTeX 2.9\tex\latex\base\omscmr.fd"
File: omscmr.fd 2014/09/29 v2.5h Standard LaTeX font definitions
)
LaTeX Font Info:    Font shape `OMS/cmr/m/n' in size <12> not available
(Font)              Font shape `OMS/cmsy/m/n' tried instead on input line 127.

Underfull \hbox (badness 10000) in paragraph at lines 131--135

 []

[7]
Missing character: There is no ‚ in font cmr12!
Missing character: There is no Ä in font cmr12!
Missing character: There is no ú in font cmr12!
Missing character: There is no ‚ in font cmr12!
Missing character: There is no Ä in font cmr12!
Missing character: There is no ù in font cmr12!

Underfull \hbox (badness 10000) in paragraph at lines 139--148

 []

Missing character: There is no ‚ in font cmr12!
Missing character: There is no Ä in font cmr12!
Missing character: There is no ô in font cmr12!

Underfull \hbox (badness 10000) in paragraph at lines 153--159

 []

[8] [9]
Underfull \hbox (badness 10000) in paragraph at lines 187--193

 []


Underfull \hbox (badness 10000) in paragraph at lines 194--200

 []

[10]
Underfull \hbox (badness 10000) in paragraph at lines 201--207

 []


Underfull \hbox (badness 10000) in paragraph at lines 208--214

 []


Underfull \hbox (badness 10000) in paragraph at lines 215--221

 []


Underfull \hbox (badness 10000) in paragraph at lines 222--228

 []

[11]
Underfull \hbox (badness 10000) in paragraph at lines 233--243

 []


Underfull \hbox (badness 10000) in paragraph at lines 244--254

 []


Underfull \hbox (badness 10000) in paragraph at lines 255--265

 []

[12]
Overfull \hbox (1.59317pt too wide) in paragraph at lines 266--276
\OT1/cmr/m/n/12 Fit Cri-te-rion: Prod-uct suc-cess-fully scores the pre-vi-ous 
10 high-est scores. 
 []


Underfull \hbox (badness 10000) in paragraph at lines 266--276

 []


Underfull \hbox (badness 10000) in paragraph at lines 277--287

 []


Underfull \hbox (badness 10000) in paragraph at lines 288--298

 []

[13]
Underfull \hbox (badness 10000) in paragraph at lines 299--309

 []


Underfull \hbox (badness 10000) in paragraph at lines 310--320

 []


Underfull \hbox (badness 10000) in paragraph at lines 321--331

 []

[14]
Underfull \hbox (badness 10000) in paragraph at lines 335--336

 []


Underfull \hbox (badness 10000) in paragraph at lines 340--341

 []

[15]
Underfull \hbox (badness 10000) in paragraph at lines 358--359

 []

Missing character: There is no ‚ in font cmr12!
Missing character: There is no Ä in font cmr12!
Missing character: There is no ô in font cmr12!

Underfull \hbox (badness 10000) in paragraph at lines 367--368

 []

Missing character: There is no ‚ in font cmr12!
Missing character: There is no Ä in font cmr12!
Missing character: There is no ô in font cmr12!

Underfull \hbox (badness 10000) in paragraph at lines 379--380

 []

Missing character: There is no ‚ in font cmr12!
Missing character: There is no Ä in font cmr12!
Missing character: There is no ô in font cmr12!
[16]
Underfull \hbox (badness 10000) in paragraph at lines 384--385

 []

Missing character: There is no ‚ in font cmr12!
Missing character: There is no Ä in font cmr12!
Missing character: There is no ô in font cmr12!

Underfull \hbox (badness 10000) in paragraph at lines 389--390

 []


Underfull \hbox (badness 10000) in paragraph at lines 394--395

 []


Underfull \hbox (badness 10000) in paragraph at lines 401--405

 []


Underfull \hbox (badness 10000) in paragraph at lines 409--410

 []

[17]
Underfull \hbox (badness 10000) in paragraph at lines 434--447

 []


Underfull \hbox (badness 10000) in paragraph at lines 434--447

 []


Underfull \hbox (badness 10000) in paragraph at lines 434--447

 []


Underfull \hbox (badness 10000) in paragraph at lines 434--447

 []


Underfull \hbox (badness 10000) in paragraph at lines 434--447

 []


Underfull \hbox (badness 10000) in paragraph at lines 434--447

 []


Underfull \hbox (badness 10000) in paragraph at lines 434--447

 []

[18] [19] (ZopSRS.aux) ) 
Here is how much of TeX's memory you used:
 299 strings out of 493673
 3386 string characters out of 3141533
 57455 words of memory out of 3000000
 3718 multiletter control sequences out of 15000+200000
 8501 words of font info for 30 fonts, out of 3000000 for 9000
 1025 hyphenation exceptions out of 8191
 22i,9n,19p,551b,259s stack positions out of 5000i,500n,10000p,200000b,50000s
<C:/Program Files (x86)/MiKTeX 2.9/fonts/type1/public/a
msfonts/cm/cmbx12.pfb><C:/Program Files (x86)/MiKTeX 2.9/fonts/type1/public/ams
fonts/cm/cmr12.pfb><C:/Program Files (x86)/MiKTeX 2.9/fonts/type1/public/amsfon
ts/cm/cmr17.pfb><C:/Program Files (x86)/MiKTeX 2.9/fonts/type1/public/amsfonts/
cm/cmsy10.pfb>
Output written on ZopSRS.pdf (19 pages, 90257 bytes).
PDF statistics:
 80 PDF objects out of 1000 (max. 8388607)
 0 named destinations out of 1000 (max. 500000)
 1 words of extra memory for PDF output out of 10000 (max. 10000000)

